2023-05-24 16:48:36,507: [11] m.main:INFO: Registered plugins: IntrospectionAPIPlugin, <class 'manticore.ethereum.plugins.SkipRevertBasicBlocks'>, <class 'manticore.ethereum.plugins.FilterFunctions'>
2023-05-24 16:48:36,507: [11] m.main:INFO: Beginning analysis
2023-05-24 16:48:36,508: [11] m.e.manticore:INFO: Starting symbolic create contract
2023-05-24 16:48:36,521: [11] m.e.manticore:INFO: Failed to build contract TypeError: Errors : Invalid solc compilation Error: Definition of base has to precede definition of derived contract
    --> sb/vul.sol:1231:5:
     |
1231 |     IMasterPlatypusV4
     |     ^^^^^^^^^^^^^^^^^


. Solidity failed to generate bytecode for your contract. Check if all the abstract functions are implemented. 
Process Process-1:
Traceback (most recent call last):
  File "/usr/lib/python3.7/multiprocessing/process.py", line 297, in _bootstrap
    self.run()
  File "/usr/lib/python3.7/multiprocessing/process.py", line 99, in run
    self._target(*self._args, **self._kwargs)
  File "/usr/local/lib/python3.7/dist-packages/manticore/ethereum/manticore.py", line 1766, in worker_finalize
    finalizer(q.get_nowait())
  File "/usr/local/lib/python3.7/dist-packages/manticore/ethereum/manticore.py", line 1757, in finalizer
    if only_alive_states and last_tx.result in {"REVERT", "THROW", "TXERROR"}:
AttributeError: 'NoneType' object has no attribute 'result'
2023-05-24 16:48:36,548: [11] m.c.manticore:INFO: Results in /mcore_lmqr0g6s
2023-05-24 16:48:36,549: [11] m.c.manticore:WARNING: Manticore failed to run
2023-05-24 16:48:36,814: [36] m.main:INFO: Registered plugins: IntrospectionAPIPlugin, <class 'manticore.ethereum.plugins.SkipRevertBasicBlocks'>, <class 'manticore.ethereum.plugins.FilterFunctions'>
2023-05-24 16:48:36,814: [36] m.main:INFO: Beginning analysis
2023-05-24 16:48:36,815: [36] m.e.manticore:INFO: Starting symbolic create contract
2023-05-24 16:48:36,826: [36] m.e.manticore:INFO: Failed to build contract Definition Errors : Invalid solc compilation Error: Definition of base has to precede definition of derived contract
    --> sb/vul.sol:1231:5:
     |
1231 |     IMasterPlatypusV4
     |     ^^^^^^^^^^^^^^^^^


. Solidity failed to generate bytecode for your contract. Check if all the abstract functions are implemented. 
Process Process-1:
Traceback (most recent call last):
  File "/usr/lib/python3.7/multiprocessing/process.py", line 297, in _bootstrap
    self.run()
  File "/usr/lib/python3.7/multiprocessing/process.py", line 99, in run
    self._target(*self._args, **self._kwargs)
  File "/usr/local/lib/python3.7/dist-packages/manticore/ethereum/manticore.py", line 1766, in worker_finalize
    finalizer(q.get_nowait())
  File "/usr/local/lib/python3.7/dist-packages/manticore/ethereum/manticore.py", line 1757, in finalizer
    if only_alive_states and last_tx.result in {"REVERT", "THROW", "TXERROR"}:
AttributeError: 'NoneType' object has no attribute 'result'
2023-05-24 16:48:36,854: [36] m.c.manticore:INFO: Results in /mcore_vdiy_9lv
2023-05-24 16:48:36,854: [36] m.c.manticore:WARNING: Manticore failed to run
2023-05-24 16:48:37,104: [61] m.main:INFO: Registered plugins: IntrospectionAPIPlugin, <class 'manticore.ethereum.plugins.SkipRevertBasicBlocks'>, <class 'manticore.ethereum.plugins.FilterFunctions'>
2023-05-24 16:48:37,105: [61] m.main:INFO: Beginning analysis
2023-05-24 16:48:37,106: [61] m.e.manticore:INFO: Starting symbolic create contract
2023-05-24 16:48:37,116: [61] m.e.manticore:INFO: Failed to build contract of Errors : Invalid solc compilation Error: Definition of base has to precede definition of derived contract
    --> sb/vul.sol:1231:5:
     |
1231 |     IMasterPlatypusV4
     |     ^^^^^^^^^^^^^^^^^


. Solidity failed to generate bytecode for your contract. Check if all the abstract functions are implemented. 
Process Process-1:
Traceback (most recent call last):
  File "/usr/lib/python3.7/multiprocessing/process.py", line 297, in _bootstrap
    self.run()
  File "/usr/lib/python3.7/multiprocessing/process.py", line 99, in run
    self._target(*self._args, **self._kwargs)
  File "/usr/local/lib/python3.7/dist-packages/manticore/ethereum/manticore.py", line 1766, in worker_finalize
    finalizer(q.get_nowait())
  File "/usr/local/lib/python3.7/dist-packages/manticore/ethereum/manticore.py", line 1757, in finalizer
    if only_alive_states and last_tx.result in {"REVERT", "THROW", "TXERROR"}:
AttributeError: 'NoneType' object has no attribute 'result'
2023-05-24 16:48:37,142: [61] m.c.manticore:INFO: Results in /mcore_7wmcq5wx
2023-05-24 16:48:37,142: [61] m.c.manticore:WARNING: Manticore failed to run
2023-05-24 16:48:37,397: [86] m.main:INFO: Registered plugins: IntrospectionAPIPlugin, <class 'manticore.ethereum.plugins.SkipRevertBasicBlocks'>, <class 'manticore.ethereum.plugins.FilterFunctions'>
2023-05-24 16:48:37,397: [86] m.main:INFO: Beginning analysis
2023-05-24 16:48:37,398: [86] m.e.manticore:INFO: Starting symbolic create contract
2023-05-24 16:48:37,409: [86] m.e.manticore:INFO: Failed to build contract base Errors : Invalid solc compilation Error: Definition of base has to precede definition of derived contract
    --> sb/vul.sol:1231:5:
     |
1231 |     IMasterPlatypusV4
     |     ^^^^^^^^^^^^^^^^^


. Solidity failed to generate bytecode for your contract. Check if all the abstract functions are implemented. 
Process Process-1:
Traceback (most recent call last):
  File "/usr/lib/python3.7/multiprocessing/process.py", line 297, in _bootstrap
    self.run()
  File "/usr/lib/python3.7/multiprocessing/process.py", line 99, in run
    self._target(*self._args, **self._kwargs)
  File "/usr/local/lib/python3.7/dist-packages/manticore/ethereum/manticore.py", line 1766, in worker_finalize
    finalizer(q.get_nowait())
  File "/usr/local/lib/python3.7/dist-packages/manticore/ethereum/manticore.py", line 1757, in finalizer
    if only_alive_states and last_tx.result in {"REVERT", "THROW", "TXERROR"}:
AttributeError: 'NoneType' object has no attribute 'result'
2023-05-24 16:48:37,436: [86] m.c.manticore:INFO: Results in /mcore_zsl8cfb6
2023-05-24 16:48:37,436: [86] m.c.manticore:WARNING: Manticore failed to run
2023-05-24 16:48:37,685: [111] m.main:INFO: Registered plugins: IntrospectionAPIPlugin, <class 'manticore.ethereum.plugins.SkipRevertBasicBlocks'>, <class 'manticore.ethereum.plugins.FilterFunctions'>
2023-05-24 16:48:37,686: [111] m.main:INFO: Beginning analysis
2023-05-24 16:48:37,686: [111] m.e.manticore:INFO: Starting symbolic create contract
2023-05-24 16:48:37,697: [111] m.e.manticore:INFO: Failed to build contract has Errors : Invalid solc compilation Error: Definition of base has to precede definition of derived contract
    --> sb/vul.sol:1231:5:
     |
1231 |     IMasterPlatypusV4
     |     ^^^^^^^^^^^^^^^^^


. Solidity failed to generate bytecode for your contract. Check if all the abstract functions are implemented. 
Process Process-1:
Traceback (most recent call last):
  File "/usr/lib/python3.7/multiprocessing/process.py", line 297, in _bootstrap
    self.run()
  File "/usr/lib/python3.7/multiprocessing/process.py", line 99, in run
    self._target(*self._args, **self._kwargs)
  File "/usr/local/lib/python3.7/dist-packages/manticore/ethereum/manticore.py", line 1766, in worker_finalize
    finalizer(q.get_nowait())
  File "/usr/local/lib/python3.7/dist-packages/manticore/ethereum/manticore.py", line 1757, in finalizer
    if only_alive_states and last_tx.result in {"REVERT", "THROW", "TXERROR"}:
AttributeError: 'NoneType' object has no attribute 'result'
2023-05-24 16:48:37,724: [111] m.c.manticore:INFO: Results in /mcore_yy7314xz
2023-05-24 16:48:37,724: [111] m.c.manticore:WARNING: Manticore failed to run
2023-05-24 16:48:37,979: [136] m.main:INFO: Registered plugins: IntrospectionAPIPlugin, <class 'manticore.ethereum.plugins.SkipRevertBasicBlocks'>, <class 'manticore.ethereum.plugins.FilterFunctions'>
2023-05-24 16:48:37,979: [136] m.main:INFO: Beginning analysis
2023-05-24 16:48:37,981: [136] m.e.manticore:INFO: Starting symbolic create contract
2023-05-24 16:48:37,991: [136] m.e.manticore:INFO: Failed to build contract to Errors : Invalid solc compilation Error: Definition of base has to precede definition of derived contract
    --> sb/vul.sol:1231:5:
     |
1231 |     IMasterPlatypusV4
     |     ^^^^^^^^^^^^^^^^^


. Solidity failed to generate bytecode for your contract. Check if all the abstract functions are implemented. 
Process Process-1:
Traceback (most recent call last):
  File "/usr/lib/python3.7/multiprocessing/process.py", line 297, in _bootstrap
    self.run()
  File "/usr/lib/python3.7/multiprocessing/process.py", line 99, in run
    self._target(*self._args, **self._kwargs)
  File "/usr/local/lib/python3.7/dist-packages/manticore/ethereum/manticore.py", line 1766, in worker_finalize
    finalizer(q.get_nowait())
  File "/usr/local/lib/python3.7/dist-packages/manticore/ethereum/manticore.py", line 1757, in finalizer
    if only_alive_states and last_tx.result in {"REVERT", "THROW", "TXERROR"}:
AttributeError: 'NoneType' object has no attribute 'result'
2023-05-24 16:48:38,017: [136] m.c.manticore:INFO: Results in /mcore_k42qyxyl
2023-05-24 16:48:38,017: [136] m.c.manticore:WARNING: Manticore failed to run
2023-05-24 16:48:38,266: [161] m.main:INFO: Registered plugins: IntrospectionAPIPlugin, <class 'manticore.ethereum.plugins.SkipRevertBasicBlocks'>, <class 'manticore.ethereum.plugins.FilterFunctions'>
2023-05-24 16:48:38,266: [161] m.main:INFO: Beginning analysis
2023-05-24 16:48:38,267: [161] m.e.manticore:INFO: Starting symbolic create contract
2023-05-24 16:48:38,278: [161] m.e.manticore:INFO: Failed to build contract precede Errors : Invalid solc compilation Error: Definition of base has to precede definition of derived contract
    --> sb/vul.sol:1231:5:
     |
1231 |     IMasterPlatypusV4
     |     ^^^^^^^^^^^^^^^^^


. Solidity failed to generate bytecode for your contract. Check if all the abstract functions are implemented. 
Process Process-1:
Traceback (most recent call last):
  File "/usr/lib/python3.7/multiprocessing/process.py", line 297, in _bootstrap
    self.run()
  File "/usr/lib/python3.7/multiprocessing/process.py", line 99, in run
    self._target(*self._args, **self._kwargs)
  File "/usr/local/lib/python3.7/dist-packages/manticore/ethereum/manticore.py", line 1766, in worker_finalize
    finalizer(q.get_nowait())
  File "/usr/local/lib/python3.7/dist-packages/manticore/ethereum/manticore.py", line 1757, in finalizer
    if only_alive_states and last_tx.result in {"REVERT", "THROW", "TXERROR"}:
AttributeError: 'NoneType' object has no attribute 'result'
2023-05-24 16:48:38,303: [161] m.c.manticore:INFO: Results in /mcore_q9w28vg4
2023-05-24 16:48:38,303: [161] m.c.manticore:WARNING: Manticore failed to run
2023-05-24 16:48:38,561: [186] m.main:INFO: Registered plugins: IntrospectionAPIPlugin, <class 'manticore.ethereum.plugins.SkipRevertBasicBlocks'>, <class 'manticore.ethereum.plugins.FilterFunctions'>
2023-05-24 16:48:38,561: [186] m.main:INFO: Beginning analysis
2023-05-24 16:48:38,562: [186] m.e.manticore:INFO: Starting symbolic create contract
2023-05-24 16:48:38,573: [186] m.e.manticore:INFO: Failed to build contract definition Errors : Invalid solc compilation Error: Definition of base has to precede definition of derived contract
    --> sb/vul.sol:1231:5:
     |
1231 |     IMasterPlatypusV4
     |     ^^^^^^^^^^^^^^^^^


. Solidity failed to generate bytecode for your contract. Check if all the abstract functions are implemented. 
Process Process-1:
Traceback (most recent call last):
  File "/usr/lib/python3.7/multiprocessing/process.py", line 297, in _bootstrap
    self.run()
  File "/usr/lib/python3.7/multiprocessing/process.py", line 99, in run
    self._target(*self._args, **self._kwargs)
  File "/usr/local/lib/python3.7/dist-packages/manticore/ethereum/manticore.py", line 1766, in worker_finalize
    finalizer(q.get_nowait())
  File "/usr/local/lib/python3.7/dist-packages/manticore/ethereum/manticore.py", line 1757, in finalizer
    if only_alive_states and last_tx.result in {"REVERT", "THROW", "TXERROR"}:
AttributeError: 'NoneType' object has no attribute 'result'
2023-05-24 16:48:38,599: [186] m.c.manticore:INFO: Results in /mcore_f5x8cx3o
2023-05-24 16:48:38,599: [186] m.c.manticore:WARNING: Manticore failed to run
2023-05-24 16:48:38,850: [211] m.main:INFO: Registered plugins: IntrospectionAPIPlugin, <class 'manticore.ethereum.plugins.SkipRevertBasicBlocks'>, <class 'manticore.ethereum.plugins.FilterFunctions'>
2023-05-24 16:48:38,850: [211] m.main:INFO: Beginning analysis
2023-05-24 16:48:38,851: [211] m.e.manticore:INFO: Starting symbolic create contract
2023-05-24 16:48:38,862: [211] m.e.manticore:INFO: Failed to build contract of Errors : Invalid solc compilation Error: Definition of base has to precede definition of derived contract
    --> sb/vul.sol:1231:5:
     |
1231 |     IMasterPlatypusV4
     |     ^^^^^^^^^^^^^^^^^


. Solidity failed to generate bytecode for your contract. Check if all the abstract functions are implemented. 
Process Process-1:
Traceback (most recent call last):
  File "/usr/lib/python3.7/multiprocessing/process.py", line 297, in _bootstrap
    self.run()
  File "/usr/lib/python3.7/multiprocessing/process.py", line 99, in run
    self._target(*self._args, **self._kwargs)
  File "/usr/local/lib/python3.7/dist-packages/manticore/ethereum/manticore.py", line 1766, in worker_finalize
    finalizer(q.get_nowait())
  File "/usr/local/lib/python3.7/dist-packages/manticore/ethereum/manticore.py", line 1757, in finalizer
    if only_alive_states and last_tx.result in {"REVERT", "THROW", "TXERROR"}:
AttributeError: 'NoneType' object has no attribute 'result'
2023-05-24 16:48:38,889: [211] m.c.manticore:INFO: Results in /mcore_n_10w3kn
2023-05-24 16:48:38,890: [211] m.c.manticore:WARNING: Manticore failed to run
2023-05-24 16:48:39,139: [236] m.main:INFO: Registered plugins: IntrospectionAPIPlugin, <class 'manticore.ethereum.plugins.SkipRevertBasicBlocks'>, <class 'manticore.ethereum.plugins.FilterFunctions'>
2023-05-24 16:48:39,140: [236] m.main:INFO: Beginning analysis
2023-05-24 16:48:39,141: [236] m.e.manticore:INFO: Starting symbolic create contract
2023-05-24 16:48:39,152: [236] m.e.manticore:INFO: Failed to build contract derived Errors : Invalid solc compilation Error: Definition of base has to precede definition of derived contract
    --> sb/vul.sol:1231:5:
     |
1231 |     IMasterPlatypusV4
     |     ^^^^^^^^^^^^^^^^^


. Solidity failed to generate bytecode for your contract. Check if all the abstract functions are implemented. 
Process Process-1:
Traceback (most recent call last):
  File "/usr/lib/python3.7/multiprocessing/process.py", line 297, in _bootstrap
    self.run()
  File "/usr/lib/python3.7/multiprocessing/process.py", line 99, in run
    self._target(*self._args, **self._kwargs)
  File "/usr/local/lib/python3.7/dist-packages/manticore/ethereum/manticore.py", line 1766, in worker_finalize
    finalizer(q.get_nowait())
  File "/usr/local/lib/python3.7/dist-packages/manticore/ethereum/manticore.py", line 1757, in finalizer
    if only_alive_states and last_tx.result in {"REVERT", "THROW", "TXERROR"}:
AttributeError: 'NoneType' object has no attribute 'result'
2023-05-24 16:48:39,179: [236] m.c.manticore:INFO: Results in /mcore_oasfffcz
2023-05-24 16:48:39,179: [236] m.c.manticore:WARNING: Manticore failed to run
2023-05-24 16:48:39,436: [261] m.main:INFO: Registered plugins: IntrospectionAPIPlugin, <class 'manticore.ethereum.plugins.SkipRevertBasicBlocks'>, <class 'manticore.ethereum.plugins.FilterFunctions'>
2023-05-24 16:48:39,436: [261] m.main:INFO: Beginning analysis
2023-05-24 16:48:39,437: [261] m.e.manticore:INFO: Starting symbolic create contract
2023-05-24 16:48:39,448: [261] m.e.manticore:INFO: Failed to build contract contract Errors : Invalid solc compilation Error: Definition of base has to precede definition of derived contract
    --> sb/vul.sol:1231:5:
     |
1231 |     IMasterPlatypusV4
     |     ^^^^^^^^^^^^^^^^^


. Solidity failed to generate bytecode for your contract. Check if all the abstract functions are implemented. 
Process Process-1:
Traceback (most recent call last):
  File "/usr/lib/python3.7/multiprocessing/process.py", line 297, in _bootstrap
    self.run()
  File "/usr/lib/python3.7/multiprocessing/process.py", line 99, in run
    self._target(*self._args, **self._kwargs)
  File "/usr/local/lib/python3.7/dist-packages/manticore/ethereum/manticore.py", line 1766, in worker_finalize
    finalizer(q.get_nowait())
  File "/usr/local/lib/python3.7/dist-packages/manticore/ethereum/manticore.py", line 1757, in finalizer
    if only_alive_states and last_tx.result in {"REVERT", "THROW", "TXERROR"}:
AttributeError: 'NoneType' object has no attribute 'result'
2023-05-24 16:48:39,475: [261] m.c.manticore:INFO: Results in /mcore_hbecn_z1
2023-05-24 16:48:39,475: [261] m.c.manticore:WARNING: Manticore failed to run
usage: manticore [-h] [--compile-force-framework COMPILE_FORCE_FRAMEWORK]
                 [--compile-remove-metadata]
                 [--compile-custom-build COMPILE_CUSTOM_BUILD]
                 [--ignore-compile] [--solc SOLC] [--solc-remaps SOLC_REMAPS]
                 [--solc-args SOLC_ARGS] [--solc-disable-warnings]
                 [--solc-working-dir SOLC_WORKING_DIR]
                 [--solc-solcs-select SOLC_SOLCS_SELECT]
                 [--solc-solcs-bin SOLC_SOLCS_BIN] [--solc-standard-json]
                 [--solc-force-legacy-json] [--truffle-ignore-compile]
                 [--truffle-build-directory TRUFFLE_BUILD_DIRECTORY]
                 [--truffle-version TRUFFLE_VERSION]
                 [--truffle-overwrite-config]
                 [--truffle-overwrite-version TRUFFLE_OVERWRITE_VERSION]
                 [--embark-ignore-compile] [--embark-overwrite-config]
                 [--dapp-ignore-compile] [--etherlime-ignore-compile]
                 [--etherlime-compile-arguments]
                 [--etherscan-only-source-code] [--etherscan-only-bytecode]
                 [--etherscan-apikey ETHERSCAN_API_KEY]
                 [--arbiscan-apikey ARBISCAN_API_KEY]
                 [--polygonscan-apikey POLYGONSCAN_API_KEY]
                 [--avax-apikey AVAX_API_KEY]
                 [--ftmscan-apikey FTMSCAN_API_KEY]
                 [--bscan-apikey BSCAN_API_KEY]
                 [--etherscan-export-directory ETHERSCAN_EXPORT_DIR]
                 [--waffle-ignore-compile]
                 [--waffle-config-file WAFFLE_CONFIG_FILE] [--npx-disable]
                 [--buidler-ignore-compile]
                 [--buidler-cache-directory BUIDLER_CACHE_DIRECTORY]
                 [--buidler-skip-directory-name-fix]
                 [--hardhat-ignore-compile]
                 [--hardhat-cache-directory HARDHAT_CACHE_DIRECTORY]
                 [--hardhat-artifacts-directory HARDHAT_ARTIFACTS_DIRECTORY]
                 [--coverage COVERAGE] [--no-colors] [--policy POLICY] [-v]
                 [--workspace WORKSPACE] [--version] [--config CONFIG]
                 [--entrysymbol ENTRYSYMBOL] [--data DATA] [--file FILES]
                 [--env ENV] [--pure-symbolic] [--verbose-trace]
                 [--txlimit TXLIMIT] [--txnocoverage] [--txnoether]
                 [--txaccount TXACCOUNT] [--txpreconstrain]
                 [--contract CONTRACT] [--list-detectors]
                 [--exclude DETECTORS_TO_EXCLUDE] [--exclude-all]
                 [--avoid-constant] [--limit-loops] [--no-testcases]
                 [--only-alive-testcases] [--thorough-mode]
                 [--core.compress_states CORE.COMPRESS_STATES]
                 [--core.execs_per_intermittent_cb CORE.EXECS_PER_INTERMITTENT_CB]
                 [--core.HOST CORE.HOST] [--core.PORT CORE.PORT]
                 [--core.fast_fail CORE.FAST_FAIL]
                 [--core.timeout CORE.TIMEOUT] [--core.cluster CORE.CLUSTER]
                 [--core.procs CORE.PROCS]
                 [--core.mprocessing CORE.MPROCESSING] [--core.seed CORE.SEED]
                 [--smt.timeout SMT.TIMEOUT] [--smt.memory SMT.MEMORY]
                 [--smt.maxsolutions SMT.MAXSOLUTIONS]
                 [--smt.z3_bin SMT.Z3_BIN] [--smt.cvc4_bin SMT.CVC4_BIN]
                 [--smt.yices_bin SMT.YICES_BIN]
                 [--smt.boolector_bin SMT.BOOLECTOR_BIN]
                 [--smt.defaultunsat SMT.DEFAULTUNSAT]
                 [--smt.optimize SMT.OPTIMIZE] [--smt.solver SMT.SOLVER]
                 [--workspace.prefix WORKSPACE.PREFIX]
                 [--workspace.dir WORKSPACE.DIR] [--evm.oog EVM.OOG]
                 [--evm.txfail EVM.TXFAIL]
                 [--evm.calldata_max_offset EVM.CALLDATA_MAX_OFFSET]
                 [--evm.calldata_max_size EVM.CALLDATA_MAX_SIZE]
                 [--evm.ignore_balance EVM.IGNORE_BALANCE]
                 [--evm.defaultgas EVM.DEFAULTGAS] [--evm.sha3 EVM.SHA3]
                 [--evm.sha3timeout EVM.SHA3TIMEOUT] [--evm.events EVM.EVENTS]
                 [--cli.profile CLI.PROFILE]
                 [--cli.explore_balance CLI.EXPLORE_BALANCE]
                 [--cli.skip_reverts CLI.SKIP_REVERTS]
                 [--cli.target_func CLI.TARGET_FUNC]
                 [--wasm.decode_names WASM.DECODE_NAMES]
                 [--main.recursionlimit MAIN.RECURSIONLIMIT]
                 [--native.fast_crash NATIVE.FAST_CRASH]
                 [--native.stdin_size NATIVE.STDIN_SIZE]
                 [argv [argv ...]]
manticore: error: argument --contract: expected one argument
mv: cannot stat '/mcore_*': No such file or directory
2023-05-24 16:48:39,982: [290] m.main:INFO: Registered plugins: IntrospectionAPIPlugin, <class 'manticore.ethereum.plugins.SkipRevertBasicBlocks'>, <class 'manticore.ethereum.plugins.FilterFunctions'>
2023-05-24 16:48:39,982: [290] m.main:INFO: Beginning analysis
2023-05-24 16:48:39,983: [290] m.e.manticore:INFO: Starting symbolic create contract
2023-05-24 16:48:39,994: [290] m.e.manticore:INFO: Failed to build contract /sb/vul.sol:1231:5: Errors : Invalid solc compilation Error: Definition of base has to precede definition of derived contract
    --> sb/vul.sol:1231:5:
     |
1231 |     IMasterPlatypusV4
     |     ^^^^^^^^^^^^^^^^^


. Solidity failed to generate bytecode for your contract. Check if all the abstract functions are implemented. 
Process Process-1:
Traceback (most recent call last):
  File "/usr/lib/python3.7/multiprocessing/process.py", line 297, in _bootstrap
    self.run()
  File "/usr/lib/python3.7/multiprocessing/process.py", line 99, in run
    self._target(*self._args, **self._kwargs)
  File "/usr/local/lib/python3.7/dist-packages/manticore/ethereum/manticore.py", line 1766, in worker_finalize
    finalizer(q.get_nowait())
  File "/usr/local/lib/python3.7/dist-packages/manticore/ethereum/manticore.py", line 1757, in finalizer
    if only_alive_states and last_tx.result in {"REVERT", "THROW", "TXERROR"}:
AttributeError: 'NoneType' object has no attribute 'result'
2023-05-24 16:48:40,019: [290] m.c.manticore:INFO: Results in /mcore_sj_y5c52
2023-05-24 16:48:40,019: [290] m.c.manticore:WARNING: Manticore failed to run
2023-05-24 16:48:40,273: [315] m.main:INFO: Registered plugins: IntrospectionAPIPlugin, <class 'manticore.ethereum.plugins.SkipRevertBasicBlocks'>, <class 'manticore.ethereum.plugins.FilterFunctions'>
2023-05-24 16:48:40,273: [315] m.main:INFO: Beginning analysis
2023-05-24 16:48:40,274: [315] m.e.manticore:INFO: Starting symbolic create contract
2023-05-24 16:48:40,285: [315] m.e.manticore:INFO: Failed to build contract | Errors : Invalid solc compilation Error: Definition of base has to precede definition of derived contract
    --> sb/vul.sol:1231:5:
     |
1231 |     IMasterPlatypusV4
     |     ^^^^^^^^^^^^^^^^^


. Solidity failed to generate bytecode for your contract. Check if all the abstract functions are implemented. 
Process Process-1:
Traceback (most recent call last):
  File "/usr/lib/python3.7/multiprocessing/process.py", line 297, in _bootstrap
    self.run()
  File "/usr/lib/python3.7/multiprocessing/process.py", line 99, in run
    self._target(*self._args, **self._kwargs)
  File "/usr/local/lib/python3.7/dist-packages/manticore/ethereum/manticore.py", line 1766, in worker_finalize
    finalizer(q.get_nowait())
  File "/usr/local/lib/python3.7/dist-packages/manticore/ethereum/manticore.py", line 1757, in finalizer
    if only_alive_states and last_tx.result in {"REVERT", "THROW", "TXERROR"}:
AttributeError: 'NoneType' object has no attribute 'result'
2023-05-24 16:48:40,313: [315] m.c.manticore:INFO: Results in /mcore_gr2rfguw
2023-05-24 16:48:40,313: [315] m.c.manticore:WARNING: Manticore failed to run
2023-05-24 16:48:40,567: [340] m.main:INFO: Registered plugins: IntrospectionAPIPlugin, <class 'manticore.ethereum.plugins.SkipRevertBasicBlocks'>, <class 'manticore.ethereum.plugins.FilterFunctions'>
2023-05-24 16:48:40,567: [340] m.main:INFO: Beginning analysis
2023-05-24 16:48:40,568: [340] m.e.manticore:INFO: Starting symbolic create contract
2023-05-24 16:48:40,578: [340] m.e.manticore:INFO: Failed to build contract 1231 Errors : Invalid solc compilation Error: Definition of base has to precede definition of derived contract
    --> sb/vul.sol:1231:5:
     |
1231 |     IMasterPlatypusV4
     |     ^^^^^^^^^^^^^^^^^


. Solidity failed to generate bytecode for your contract. Check if all the abstract functions are implemented. 
Process Process-1:
Traceback (most recent call last):
  File "/usr/lib/python3.7/multiprocessing/process.py", line 297, in _bootstrap
    self.run()
  File "/usr/lib/python3.7/multiprocessing/process.py", line 99, in run
    self._target(*self._args, **self._kwargs)
  File "/usr/local/lib/python3.7/dist-packages/manticore/ethereum/manticore.py", line 1766, in worker_finalize
    finalizer(q.get_nowait())
  File "/usr/local/lib/python3.7/dist-packages/manticore/ethereum/manticore.py", line 1757, in finalizer
    if only_alive_states and last_tx.result in {"REVERT", "THROW", "TXERROR"}:
AttributeError: 'NoneType' object has no attribute 'result'
2023-05-24 16:48:40,603: [340] m.c.manticore:INFO: Results in /mcore_52_aopy1
2023-05-24 16:48:40,603: [340] m.c.manticore:WARNING: Manticore failed to run
2023-05-24 16:48:40,862: [365] m.main:INFO: Registered plugins: IntrospectionAPIPlugin, <class 'manticore.ethereum.plugins.SkipRevertBasicBlocks'>, <class 'manticore.ethereum.plugins.FilterFunctions'>
2023-05-24 16:48:40,862: [365] m.main:INFO: Beginning analysis
2023-05-24 16:48:40,863: [365] m.e.manticore:INFO: Starting symbolic create contract
2023-05-24 16:48:40,875: [365] m.e.manticore:INFO: Failed to build contract | Errors : Invalid solc compilation Error: Definition of base has to precede definition of derived contract
    --> sb/vul.sol:1231:5:
     |
1231 |     IMasterPlatypusV4
     |     ^^^^^^^^^^^^^^^^^


. Solidity failed to generate bytecode for your contract. Check if all the abstract functions are implemented. 
Process Process-1:
Traceback (most recent call last):
  File "/usr/lib/python3.7/multiprocessing/process.py", line 297, in _bootstrap
    self.run()
  File "/usr/lib/python3.7/multiprocessing/process.py", line 99, in run
    self._target(*self._args, **self._kwargs)
  File "/usr/local/lib/python3.7/dist-packages/manticore/ethereum/manticore.py", line 1766, in worker_finalize
    finalizer(q.get_nowait())
  File "/usr/local/lib/python3.7/dist-packages/manticore/ethereum/manticore.py", line 1757, in finalizer
    if only_alive_states and last_tx.result in {"REVERT", "THROW", "TXERROR"}:
AttributeError: 'NoneType' object has no attribute 'result'
2023-05-24 16:48:40,903: [365] m.c.manticore:INFO: Results in /mcore_a6wawerk
2023-05-24 16:48:40,903: [365] m.c.manticore:WARNING: Manticore failed to run
2023-05-24 16:48:41,154: [390] m.main:INFO: Registered plugins: IntrospectionAPIPlugin, <class 'manticore.ethereum.plugins.SkipRevertBasicBlocks'>, <class 'manticore.ethereum.plugins.FilterFunctions'>
2023-05-24 16:48:41,154: [390] m.main:INFO: Beginning analysis
2023-05-24 16:48:41,155: [390] m.e.manticore:INFO: Starting symbolic create contract
2023-05-24 16:48:41,166: [390] m.e.manticore:INFO: Failed to build contract IMasterPlatypusV4 Errors : Invalid solc compilation Error: Definition of base has to precede definition of derived contract
    --> sb/vul.sol:1231:5:
     |
1231 |     IMasterPlatypusV4
     |     ^^^^^^^^^^^^^^^^^


. Solidity failed to generate bytecode for your contract. Check if all the abstract functions are implemented. 
Process Process-1:
Traceback (most recent call last):
  File "/usr/lib/python3.7/multiprocessing/process.py", line 297, in _bootstrap
    self.run()
  File "/usr/lib/python3.7/multiprocessing/process.py", line 99, in run
    self._target(*self._args, **self._kwargs)
  File "/usr/local/lib/python3.7/dist-packages/manticore/ethereum/manticore.py", line 1766, in worker_finalize
    finalizer(q.get_nowait())
  File "/usr/local/lib/python3.7/dist-packages/manticore/ethereum/manticore.py", line 1757, in finalizer
    if only_alive_states and last_tx.result in {"REVERT", "THROW", "TXERROR"}:
AttributeError: 'NoneType' object has no attribute 'result'
2023-05-24 16:48:41,192: [390] m.c.manticore:INFO: Results in /mcore_5v1nh792
2023-05-24 16:48:41,192: [390] m.c.manticore:WARNING: Manticore failed to run
2023-05-24 16:48:41,439: [415] m.main:INFO: Registered plugins: IntrospectionAPIPlugin, <class 'manticore.ethereum.plugins.SkipRevertBasicBlocks'>, <class 'manticore.ethereum.plugins.FilterFunctions'>
2023-05-24 16:48:41,439: [415] m.main:INFO: Beginning analysis
2023-05-24 16:48:41,440: [415] m.e.manticore:INFO: Starting symbolic create contract
2023-05-24 16:48:41,451: [415] m.e.manticore:INFO: Failed to build contract | Errors : Invalid solc compilation Error: Definition of base has to precede definition of derived contract
    --> sb/vul.sol:1231:5:
     |
1231 |     IMasterPlatypusV4
     |     ^^^^^^^^^^^^^^^^^


. Solidity failed to generate bytecode for your contract. Check if all the abstract functions are implemented. 
Process Process-1:
Traceback (most recent call last):
  File "/usr/lib/python3.7/multiprocessing/process.py", line 297, in _bootstrap
    self.run()
  File "/usr/lib/python3.7/multiprocessing/process.py", line 99, in run
    self._target(*self._args, **self._kwargs)
  File "/usr/local/lib/python3.7/dist-packages/manticore/ethereum/manticore.py", line 1766, in worker_finalize
    finalizer(q.get_nowait())
  File "/usr/local/lib/python3.7/dist-packages/manticore/ethereum/manticore.py", line 1757, in finalizer
    if only_alive_states and last_tx.result in {"REVERT", "THROW", "TXERROR"}:
AttributeError: 'NoneType' object has no attribute 'result'
2023-05-24 16:48:41,476: [415] m.c.manticore:INFO: Results in /mcore_4bgushnv
2023-05-24 16:48:41,476: [415] m.c.manticore:WARNING: Manticore failed to run
2023-05-24 16:48:41,735: [440] m.main:INFO: Registered plugins: IntrospectionAPIPlugin, <class 'manticore.ethereum.plugins.SkipRevertBasicBlocks'>, <class 'manticore.ethereum.plugins.FilterFunctions'>
2023-05-24 16:48:41,735: [440] m.main:INFO: Beginning analysis
2023-05-24 16:48:41,736: [440] m.e.manticore:INFO: Starting symbolic create contract
2023-05-24 16:48:41,747: [440] m.e.manticore:INFO: Failed to build contract ^^^^^^^^^^^^^^^^^ Errors : Invalid solc compilation Error: Definition of base has to precede definition of derived contract
    --> sb/vul.sol:1231:5:
     |
1231 |     IMasterPlatypusV4
     |     ^^^^^^^^^^^^^^^^^


. Solidity failed to generate bytecode for your contract. Check if all the abstract functions are implemented. 
Process Process-1:
Traceback (most recent call last):
  File "/usr/lib/python3.7/multiprocessing/process.py", line 297, in _bootstrap
    self.run()
  File "/usr/lib/python3.7/multiprocessing/process.py", line 99, in run
    self._target(*self._args, **self._kwargs)
  File "/usr/local/lib/python3.7/dist-packages/manticore/ethereum/manticore.py", line 1766, in worker_finalize
    finalizer(q.get_nowait())
  File "/usr/local/lib/python3.7/dist-packages/manticore/ethereum/manticore.py", line 1757, in finalizer
    if only_alive_states and last_tx.result in {"REVERT", "THROW", "TXERROR"}:
AttributeError: 'NoneType' object has no attribute 'result'
2023-05-24 16:48:41,775: [440] m.c.manticore:INFO: Results in /mcore_4n_kzh5u
2023-05-24 16:48:41,775: [440] m.c.manticore:WARNING: Manticore failed to run
